packages/motor-alarms/android/build/intermediates/manifest_merge_blame_file/release/processReleaseManifest/manifest-merger-blame-release-report.txt
1<?xml version="1.0" encoding="utf-8"?>
2<manifest xmlns:android="http://schemas.android.com/apk/res/android"
3    package="expo.modules.motoralarms" >
4
5    <uses-sdk android:minSdkVersion="24" />
6
7    <uses-permission android:name="android.permission.SCHEDULE_EXACT_ALARM" />
7-->src/main/AndroidManifest.xml:3:3-77
7-->src/main/AndroidManifest.xml:3:20-74
8    <uses-permission android:name="android.permission.USE_EXACT_ALARM" />
8-->src/main/AndroidManifest.xml:4:3-72
8-->src/main/AndroidManifest.xml:4:20-69
9    <uses-permission android:name="android.permission.RECEIVE_BOOT_COMPLETED" />
9-->src/main/AndroidManifest.xml:5:3-79
9-->src/main/AndroidManifest.xml:5:20-76
10    <uses-permission android:name="android.permission.POST_NOTIFICATIONS" />
10-->src/main/AndroidManifest.xml:6:3-75
10-->src/main/AndroidManifest.xml:6:20-72
11    <uses-permission android:name="android.permission.WAKE_LOCK" />
11-->src/main/AndroidManifest.xml:7:3-66
11-->src/main/AndroidManifest.xml:7:20-63
12    <uses-permission android:name="android.permission.VIBRATE" />
12-->src/main/AndroidManifest.xml:8:3-64
12-->src/main/AndroidManifest.xml:8:20-61
13    <uses-permission android:name="android.permission.REQUEST_IGNORE_BATTERY_OPTIMIZATIONS" />
13-->src/main/AndroidManifest.xml:9:3-93
13-->src/main/AndroidManifest.xml:9:20-90
14    <uses-permission android:name="android.permission.USE_FULL_SCREEN_INTENT" />
14-->src/main/AndroidManifest.xml:10:3-79
14-->src/main/AndroidManifest.xml:10:20-76
15
16    <application>
16-->src/main/AndroidManifest.xml:12:3-34:17
17        <activity
17-->src/main/AndroidManifest.xml:13:5-19:72
18            android:name="expo.modules.motoralarms.FullScreenAlarmActivity"
18-->src/main/AndroidManifest.xml:14:7-70
19            android:excludeFromRecents="true"
19-->src/main/AndroidManifest.xml:15:7-40
20            android:exported="false"
20-->src/main/AndroidManifest.xml:16:7-31
21            android:showWhenLocked="true"
21-->src/main/AndroidManifest.xml:17:7-36
22            android:theme="@android:style/Theme.DeviceDefault.NoActionBar"
22-->src/main/AndroidManifest.xml:19:7-69
23            android:turnScreenOn="true" />
23-->src/main/AndroidManifest.xml:18:7-34
24
25        <receiver
25-->src/main/AndroidManifest.xml:20:5-22:34
26            android:name="expo.modules.motoralarms.AlarmReceiver"
26-->src/main/AndroidManifest.xml:21:7-60
27            android:exported="false" />
27-->src/main/AndroidManifest.xml:22:7-31
28        <receiver
28-->src/main/AndroidManifest.xml:23:5-25:34
29            android:name="expo.modules.motoralarms.AlarmActionReceiver"
29-->src/main/AndroidManifest.xml:24:7-66
30            android:exported="false" />
30-->src/main/AndroidManifest.xml:25:7-31
31        <receiver
31-->src/main/AndroidManifest.xml:26:5-33:16
32            android:name="expo.modules.motoralarms.BootReceiver"
32-->src/main/AndroidManifest.xml:27:7-59
33            android:exported="true" >
33-->src/main/AndroidManifest.xml:28:7-30
34            <intent-filter>
34-->src/main/AndroidManifest.xml:29:7-32:23
35                <action android:name="android.intent.action.BOOT_COMPLETED" />
35-->src/main/AndroidManifest.xml:30:9-71
35-->src/main/AndroidManifest.xml:30:17-68
36                <action android:name="android.intent.action.QUICKBOOT_POWERON" />
36-->src/main/AndroidManifest.xml:31:9-74
36-->src/main/AndroidManifest.xml:31:17-71
37            </intent-filter>
38        </receiver>
39    </application>
40
41</manifest>